<?xml version="1.0" encoding="UTF-8"?>
<!-- Generated by org.testng.reporters.JUnitReportReporter -->
<testsuite hostname="QT-INBG-LT1152" failures="0" tests="9" name="AllMobiles" time="13.130" errors="0" timestamp="2022-09-16T15:57:09 IST" skipped="0">
  <testcase classname="AllMobiles" name="launchBrowser" time="3.012"/>
  <system-out/>
  <testcase classname="AllMobiles" name="allMobiles" time="0.414"/>
  <system-out/>
  <testcase classname="AllMobiles" name="searchLenovo" time="1.166"/>
  <system-out/>
  <testcase classname="AllMobiles" name="searchSamsung" time="1.120"/>
  <system-out/>
  <testcase classname="AllMobiles" name="wrongApple" time="1.094"/>
  <system-out/>
  <testcase classname="AllMobiles" name="wrongSamsung" time="1.093"/>
  <system-out/>
  <testcase classname="AllMobiles" name="twoCharacter" time="1.107"/>
  <system-out/>
  <testcase classname="AllMobiles" name="InvalidMob" time="1.074"/>
  <system-out/>
  <testcase classname="AllMobiles" name="order" time="3.050"/>
  <system-out/>
</testsuite> <!-- AllMobiles -->
