<?xml version="1.0" encoding="UTF-8"?>
<!-- Generated by org.testng.reporters.JUnitReportReporter -->
<testsuite hostname="QT-INBG-LT1152" failures="0" tests="11" name="SignUp" time="17.466" errors="0" timestamp="2022-09-16T15:56:10 IST" skipped="0">
  <testcase classname="SignUp" name="launchBrowser" time="2.971"/>
  <system-out/>
  <testcase classname="SignUp" name="clickOnSignUp" time="2.816"/>
  <system-out/>
  <testcase classname="SignUp" name="enterFirstName" time="1.094"/>
  <system-out/>
  <testcase classname="SignUp" name="enterLastName" time="1.103"/>
  <system-out/>
  <testcase classname="SignUp" name="enterMail" time="1.110"/>
  <system-out/>
  <testcase classname="SignUp" name="enterPassword" time="1.093"/>
  <system-out/>
  <testcase classname="SignUp" name="enterDOB" time="1.077"/>
  <system-out/>
  <testcase classname="SignUp" name="selectGender" time="1.062"/>
  <system-out/>
  <testcase classname="SignUp" name="enterPhoneNumber" time="1.082"/>
  <system-out/>
  <testcase classname="SignUp" name="clickOnRegister" time="1.221"/>
  <system-out/>
  <testcase classname="SignUp" name="clickOnSignIn" time="2.837"/>
  <system-out/>
</testsuite> <!-- SignUp -->
