<?xml version="1.0" encoding="UTF-8"?>
<!-- Generated by org.testng.reporters.JUnitReportReporter -->
<testsuite hostname="QT-INBG-LT1152" failures="0" tests="5" name="SignInn" time="7.665" errors="0" timestamp="2022-09-16T15:56:10 IST" skipped="0">
  <testcase classname="SignInn" name="launchBrowser" time="3.046"/>
  <system-out/>
  <testcase classname="SignInn" name="signIn" time="1.249"/>
  <system-out/>
  <testcase classname="SignInn" name="userName" time="1.073"/>
  <system-out/>
  <testcase classname="SignInn" name="enterPassword" time="1.123"/>
  <system-out/>
  <testcase classname="SignInn" name="login" time="1.174"/>
  <system-out/>
</testsuite> <!-- SignInn -->
